<?xml version="1.0" encoding="utf-8"?><testsuites name="pytest tests"><testsuite name="pytest" errors="0" failures="0" skipped="0" tests="13" time="4.426" timestamp="2026-09-24T17:43:28.999839+00:00" hostname="agent-env-100f637c-5fbf-4d93-a46c-c507e82e1da1"><testcase classname="tests.test_security_and_iprate" name="test_health_returns_ok_and_security_headers" time="0.178" /><testcase classname="tests.backend_test" name="test_health_ok" time="0.171" /><testcase classname="tests.backend_test" name="test_root_ok" time="0.146" /><testcase classname="tests.test_security_and_iprate" name="test_security_headers_on_enquiries_response" time="0.201" /><testcase classname="tests.backend_test" name="test_create_enquiry_success_and_persistence" time="0.371" /><testcase classname="tests.test_security_and_iprate" name="test_ip_hash_stored_and_no_raw_ip" time="0.009" /><testcase classname="tests.test_security_and_iprate" name="test_per_ip_rate_limit_11th_returns_429" time="0.044" /><testcase classname="tests.backend_test" name="test_honeypot_rejected" time="0.163" /><testcase classname="tests.backend_test" name="test_consent_false_422" time="0.149" /><testcase classname="tests.backend_test" name="test_idea_too_short_422" time="0.124" /><testcase classname="tests.backend_test" name="test_invalid_interest_422" time="0.238" /><testcase classname="tests.backend_test" name="test_rate_limit_429" time="2.068" /><testcase classname="tests.backend_test" name="test_mongo_persistence_direct" time="0.123" /></testsuite></testsuites>